<?xml version="1.0" encoding="UTF-8"?>
<testsuite name="RowSumOddNumbersTest" tests="3" skipped="0" failures="0" errors="0" timestamp="2020-12-13T01:25:36" hostname="mbp-de-mr.home" time="0.002">
  <properties/>
  <testcase name="should return 2197 when enter 13" classname="RowSumOddNumbersTest" time="0.001"/>
  <testcase name="should return 1 when enter 1" classname="RowSumOddNumbersTest" time="0.0"/>
  <testcase name="should return 8 when enter 2" classname="RowSumOddNumbersTest" time="0.001"/>
  <system-out><![CDATA[]]></system-out>
  <system-err><![CDATA[]]></system-err>
</testsuite>
