<?xml version="1.0" encoding="UTF-8"?>
<testsuite name="ManhattanDistanceTest" tests="1" skipped="0" failures="0" errors="0" timestamp="2020-12-09T14:26:08" hostname="MrZ" time="0.021">
  <properties/>
  <testcase name="should return 4,0 from Point(0,0 , 0,0) to Point(2,0 , 2,0)" classname="ManhattanDistanceTest" time="0.021"/>
  <system-out><![CDATA[]]></system-out>
  <system-err><![CDATA[]]></system-err>
</testsuite>
