<?xml version="1.0" encoding="UTF-8"?>
<testsuite name="StockListTest" tests="2" skipped="0" failures="0" errors="0" timestamp="2020-12-13T01:25:37" hostname="mbp-de-mr.home" time="0.075">
  <properties/>
  <testcase name="first test" classname="StockListTest" time="0.074"/>
  <testcase name="second test" classname="StockListTest" time="0.001"/>
  <system-out><![CDATA[]]></system-out>
  <system-err><![CDATA[]]></system-err>
</testsuite>
