<?xml version="1.0" encoding="UTF-8"?>
<testsuite name="TestALL" tests="3" skipped="0" failures="0" errors="0" timestamp="2020-12-13T01:25:36" hostname="mbp-de-mr.home" time="0.007">
  <properties/>
  <testcase name="testFixed1" classname="TestALL" time="0.005"/>
  <testcase name="testFixed2" classname="TestALL" time="0.0"/>
  <testcase name="testFixed3" classname="TestALL" time="0.0"/>
  <system-out><![CDATA[]]></system-out>
  <system-err><![CDATA[]]></system-err>
</testsuite>
